2023-04-04 11:51:21,484 - uvicorn.error - INFO - serve:75 - Started server process [11976]
2023-04-04 11:51:21,491 - uvicorn.error - INFO - startup:47 - Waiting for application startup.
2023-04-04 11:51:21,493 - uvicorn.error - INFO - startup:61 - Application startup complete.
2023-04-04 11:52:02,880 - uvicorn.access - INFO - send:480 - 127.0.0.1:5010 - "POST /api/v1 HTTP/1.1" 404
2023-04-04 11:52:46,584 - uvicorn.access - INFO - send:480 - 127.0.0.1:5015 - "POST /api/v1/pontianak HTTP/1.1" 422
2023-04-04 11:53:14,542 - uvicorn.error - INFO - serve:75 - Started server process [15136]
2023-04-04 11:53:14,544 - uvicorn.error - INFO - startup:47 - Waiting for application startup.
2023-04-04 11:53:14,548 - uvicorn.error - INFO - startup:61 - Application startup complete.
2023-04-04 11:53:17,154 - uvicorn.access - INFO - send:480 - 127.0.0.1:5026 - "POST /api/v1/pontianak HTTP/1.1" 422
2023-04-04 11:54:59,404 - uvicorn.error - INFO - serve:75 - Started server process [5180]
2023-04-04 11:54:59,405 - uvicorn.error - INFO - startup:47 - Waiting for application startup.
2023-04-04 11:54:59,408 - uvicorn.error - INFO - startup:61 - Application startup complete.
2023-04-04 11:55:03,540 - uvicorn.access - INFO - send:480 - 127.0.0.1:5050 - "POST /api/v1/pontianak HTTP/1.1" 422
2023-04-04 11:55:31,727 - uvicorn.error - INFO - serve:75 - Started server process [9816]
2023-04-04 11:55:31,728 - uvicorn.error - INFO - startup:47 - Waiting for application startup.
2023-04-04 11:55:31,730 - uvicorn.error - INFO - startup:61 - Application startup complete.
2023-04-04 11:55:34,058 - uvicorn.access - INFO - send:480 - 127.0.0.1:5062 - "POST /api/v1/pontianak HTTP/1.1" 500
2023-04-04 11:55:34,061 - uvicorn.error - ERROR - run_asgi:412 - Exception in ASGI application
Traceback (most recent call last):
  File "C:\Users\Ale\AppData\Local\Programs\Python\Python310\lib\site-packages\uvicorn\protocols\http\h11_impl.py", line 407, in run_asgi
    result = await app(  # type: ignore[func-returns-value]
  File "C:\Users\Ale\AppData\Local\Programs\Python\Python310\lib\site-packages\uvicorn\middleware\proxy_headers.py", line 78, in __call__
    return await self.app(scope, receive, send)
  File "C:\Users\Ale\AppData\Local\Programs\Python\Python310\lib\site-packages\uvicorn\middleware\message_logger.py", line 86, in __call__
    raise exc from None
  File "C:\Users\Ale\AppData\Local\Programs\Python\Python310\lib\site-packages\uvicorn\middleware\message_logger.py", line 82, in __call__
    await self.app(scope, inner_receive, inner_send)
  File "C:\Users\Ale\AppData\Local\Programs\Python\Python310\lib\site-packages\fastapi\applications.py", line 271, in __call__
    await super().__call__(scope, receive, send)
  File "C:\Users\Ale\AppData\Local\Programs\Python\Python310\lib\site-packages\starlette\applications.py", line 118, in __call__
    await self.middleware_stack(scope, receive, send)
  File "C:\Users\Ale\AppData\Local\Programs\Python\Python310\lib\site-packages\starlette\middleware\errors.py", line 184, in __call__
    raise exc
  File "C:\Users\Ale\AppData\Local\Programs\Python\Python310\lib\site-packages\starlette\middleware\errors.py", line 162, in __call__
    await self.app(scope, receive, _send)
  File "C:\Users\Ale\AppData\Local\Programs\Python\Python310\lib\site-packages\starlette\middleware\exceptions.py", line 79, in __call__
    raise exc
  File "C:\Users\Ale\AppData\Local\Programs\Python\Python310\lib\site-packages\starlette\middleware\exceptions.py", line 68, in __call__
    await self.app(scope, receive, sender)
  File "C:\Users\Ale\AppData\Local\Programs\Python\Python310\lib\site-packages\fastapi\middleware\asyncexitstack.py", line 21, in __call__
    raise e
  File "C:\Users\Ale\AppData\Local\Programs\Python\Python310\lib\site-packages\fastapi\middleware\asyncexitstack.py", line 18, in __call__
    await self.app(scope, receive, send)
  File "C:\Users\Ale\AppData\Local\Programs\Python\Python310\lib\site-packages\starlette\routing.py", line 706, in __call__
    await route.handle(scope, receive, send)
  File "C:\Users\Ale\AppData\Local\Programs\Python\Python310\lib\site-packages\starlette\routing.py", line 276, in handle
    await self.app(scope, receive, send)
  File "C:\Users\Ale\AppData\Local\Programs\Python\Python310\lib\site-packages\starlette\routing.py", line 66, in app
    response = await func(request)
  File "C:\Users\Ale\AppData\Local\Programs\Python\Python310\lib\site-packages\fastapi\routing.py", line 237, in app
    raw_response = await run_endpoint_function(
  File "C:\Users\Ale\AppData\Local\Programs\Python\Python310\lib\site-packages\fastapi\routing.py", line 163, in run_endpoint_function
    return await dependant.call(**values)
  File "D:\Programming\Workbooks\01. Kazee\news-author-extraction\.\app\api\router.py", line 18, in func_name
    result = pontianakEndpoint.get_author(text)
  File "D:\Programming\Workbooks\01. Kazee\news-author-extraction\.\app\api\api_v1\endpoints\pontianak_endpoint.py", line 13, in get_author
    result = PontianakService.get_author(text)
TypeError: PontianakService.get_author() missing 1 required positional argument: 'text'
2023-04-04 11:57:11,417 - uvicorn.error - INFO - serve:75 - Started server process [6084]
2023-04-04 11:57:11,419 - uvicorn.error - INFO - startup:47 - Waiting for application startup.
2023-04-04 11:57:11,421 - uvicorn.error - INFO - startup:61 - Application startup complete.
2023-04-04 11:57:18,168 - uvicorn.access - INFO - send:480 - 127.0.0.1:5084 - "POST /api/v1/pontianak HTTP/1.1" 200
2023-04-04 11:57:56,682 - uvicorn.error - INFO - serve:75 - Started server process [14084]
2023-04-04 11:57:56,684 - uvicorn.error - INFO - startup:47 - Waiting for application startup.
2023-04-04 11:57:56,686 - uvicorn.error - INFO - startup:61 - Application startup complete.
2023-04-04 11:58:01,910 - uvicorn.access - INFO - send:480 - 127.0.0.1:5097 - "POST /api/v1/pontianak HTTP/1.1" 422
2023-04-04 11:58:11,431 - uvicorn.error - INFO - serve:75 - Started server process [12912]
2023-04-04 11:58:11,432 - uvicorn.error - INFO - startup:47 - Waiting for application startup.
2023-04-04 11:58:11,436 - uvicorn.error - INFO - startup:61 - Application startup complete.
2023-04-04 11:58:12,658 - uvicorn.access - INFO - send:480 - 127.0.0.1:5104 - "POST /api/v1/pontianak HTTP/1.1" 422
2023-04-04 12:00:02,899 - uvicorn.error - INFO - serve:75 - Started server process [13936]
2023-04-04 12:00:02,900 - uvicorn.error - INFO - startup:47 - Waiting for application startup.
2023-04-04 12:00:02,904 - uvicorn.error - INFO - startup:61 - Application startup complete.
2023-04-04 12:00:07,258 - uvicorn.access - INFO - send:480 - 127.0.0.1:5157 - "POST /api/v1/pontianak HTTP/1.1" 422
2023-04-04 12:00:41,697 - uvicorn.error - INFO - serve:75 - Started server process [4216]
2023-04-04 12:00:41,700 - uvicorn.error - INFO - startup:47 - Waiting for application startup.
2023-04-04 12:00:41,703 - uvicorn.error - INFO - startup:61 - Application startup complete.
2023-04-04 12:01:08,745 - uvicorn.error - INFO - serve:75 - Started server process [1980]
2023-04-04 12:01:08,746 - uvicorn.error - INFO - startup:47 - Waiting for application startup.
2023-04-04 12:01:08,749 - uvicorn.error - INFO - startup:61 - Application startup complete.
2023-04-04 12:01:13,784 - uvicorn.access - INFO - send:480 - 127.0.0.1:5172 - "POST /api/v1/pontianak HTTP/1.1" 422
2023-04-04 12:01:46,284 - uvicorn.error - INFO - serve:75 - Started server process [13592]
2023-04-04 12:01:46,285 - uvicorn.error - INFO - startup:47 - Waiting for application startup.
2023-04-04 12:01:46,288 - uvicorn.error - INFO - startup:61 - Application startup complete.
2023-04-04 12:01:54,570 - uvicorn.access - INFO - send:480 - 127.0.0.1:5203 - "POST /api/v1/pontianak HTTP/1.1" 422
2023-04-04 12:03:17,023 - uvicorn.error - INFO - serve:75 - Started server process [4616]
2023-04-04 12:03:17,027 - uvicorn.error - INFO - startup:47 - Waiting for application startup.
2023-04-04 12:03:17,029 - uvicorn.error - INFO - startup:61 - Application startup complete.
2023-04-04 12:03:19,946 - uvicorn.access - INFO - send:480 - 127.0.0.1:5235 - "POST /api/v1/pontianak HTTP/1.1" 200
2023-04-04 12:04:00,929 - uvicorn.error - INFO - serve:75 - Started server process [15160]
2023-04-04 12:04:00,934 - uvicorn.error - INFO - startup:47 - Waiting for application startup.
2023-04-04 12:04:00,936 - uvicorn.error - INFO - startup:61 - Application startup complete.
2023-04-04 12:05:43,824 - uvicorn.access - INFO - send:480 - 127.0.0.1:5266 - "POST /api/v1/pontianak HTTP/1.1" 200
2023-04-04 12:35:36,812 - uvicorn.error - INFO - serve:75 - Started server process [1572]
2023-04-04 12:35:36,818 - uvicorn.error - INFO - startup:47 - Waiting for application startup.
2023-04-04 12:35:36,822 - uvicorn.error - INFO - startup:61 - Application startup complete.
2023-04-04 12:35:41,704 - uvicorn.access - INFO - send:480 - 127.0.0.1:5503 - "POST /api/v1/pontianak HTTP/1.1" 200
2023-04-04 12:36:44,257 - uvicorn.error - INFO - serve:75 - Started server process [9584]
2023-04-04 12:36:44,259 - uvicorn.error - INFO - startup:47 - Waiting for application startup.
2023-04-04 12:36:44,263 - uvicorn.error - INFO - startup:61 - Application startup complete.
2023-04-04 12:36:55,711 - uvicorn.access - INFO - send:480 - 127.0.0.1:5524 - "POST /api/v1/pontianak HTTP/1.1" 200
2023-04-04 12:37:32,850 - uvicorn.error - INFO - serve:75 - Started server process [2860]
2023-04-04 12:37:32,853 - uvicorn.error - INFO - startup:47 - Waiting for application startup.
2023-04-04 12:37:32,855 - uvicorn.error - INFO - startup:61 - Application startup complete.
2023-04-04 12:38:45,208 - uvicorn.error - INFO - serve:75 - Started server process [11200]
2023-04-04 12:38:45,209 - uvicorn.error - INFO - startup:47 - Waiting for application startup.
2023-04-04 12:38:45,212 - uvicorn.error - INFO - startup:61 - Application startup complete.
2023-04-04 12:38:59,524 - uvicorn.access - INFO - send:480 - 127.0.0.1:5562 - "POST /api/v1/pontianak HTTP/1.1" 200
2023-04-04 12:39:07,481 - uvicorn.error - INFO - shutdown:255 - Shutting down
2023-04-04 12:39:07,589 - uvicorn.error - INFO - shutdown:66 - Waiting for application shutdown.
2023-04-04 12:39:07,590 - uvicorn.error - INFO - shutdown:77 - Application shutdown complete.
2023-04-04 12:39:07,591 - uvicorn.error - INFO - serve:85 - Finished server process [11200]
